{"C:\\Users\\creep\\Documents\\Harambot\\Harambot\\commands\\utility\\checkNameFuzzy.js": {"path":"C:\\Users\\creep\\Documents\\Harambot\\Harambot\\commands\\utility\\checkNameFuzzy.js","statementMap":{"0":{"start":{"line":1,"column":32},"end":{"line":1,"column":62}},"1":{"start":{"line":2,"column":25},"end":{"line":2,"column":46}},"2":{"start":{"line":3,"column":18},"end":{"line":3,"column":38}},"3":{"start":{"line":4,"column":23},"end":{"line":4,"column":53}},"4":{"start":{"line":5,"column":23},"end":{"line":5,"column":55}},"5":{"start":{"line":8,"column":23},"end":{"line":8,"column":52}},"6":{"start":{"line":10,"column":0},"end":{"line":83,"column":2}},"7":{"start":{"line":15,"column":12},"end":{"line":17,"column":34}},"8":{"start":{"line":20,"column":8},"end":{"line":81,"column":9}},"9":{"start":{"line":22,"column":12},"end":{"line":22,"column":68}},"10":{"start":{"line":23,"column":31},"end":{"line":23,"column":74}},"11":{"start":{"line":27,"column":12},"end":{"line":31,"column":13}},"12":{"start":{"line":28,"column":16},"end":{"line":28,"column":88}},"13":{"start":{"line":30,"column":16},"end":{"line":30,"column":58}},"14":{"start":{"line":33,"column":28},"end":{"line":33,"column":63}},"15":{"start":{"line":33,"column":53},"end":{"line":33,"column":62}},"16":{"start":{"line":36,"column":38},"end":{"line":71,"column":13}},"17":{"start":{"line":38,"column":37},"end":{"line":38,"column":47}},"18":{"start":{"line":42,"column":20},"end":{"line":69,"column":21}},"19":{"start":{"line":43,"column":43},"end":{"line":43,"column":72}},"20":{"start":{"line":45,"column":38},"end":{"line":45,"column":40}},"21":{"start":{"line":47,"column":24},"end":{"line":55,"column":25}},"22":{"start":{"line":48,"column":44},"end":{"line":51,"column":30}},"23":{"start":{"line":52,"column":28},"end":{"line":54,"column":29}},"24":{"start":{"line":53,"column":32},"end":{"line":53,"column":112}},"25":{"start":{"line":53,"column":88},"end":{"line":53,"column":96}},"26":{"start":{"line":57,"column":24},"end":{"line":63,"column":25}},"27":{"start":{"line":58,"column":28},"end":{"line":61,"column":31}},"28":{"start":{"line":62,"column":28},"end":{"line":62,"column":35}},"29":{"start":{"line":65,"column":24},"end":{"line":68,"column":27}},"30":{"start":{"line":73,"column":12},"end":{"line":73,"column":60}},"31":{"start":{"line":76,"column":12},"end":{"line":76,"column":33}},"32":{"start":{"line":77,"column":12},"end":{"line":80,"column":15}}},"fnMap":{"0":{"name":"(anonymous_0)","decl":{"start":{"line":14,"column":25},"end":{"line":14,"column":26}},"loc":{"start":{"line":15,"column":12},"end":{"line":17,"column":34}},"line":15},"1":{"name":"(anonymous_1)","decl":{"start":{"line":19,"column":4},"end":{"line":19,"column":5}},"loc":{"start":{"line":19,"column":31},"end":{"line":82,"column":5}},"line":19},"2":{"name":"(anonymous_2)","decl":{"start":{"line":33,"column":45},"end":{"line":33,"column":46}},"loc":{"start":{"line":33,"column":53},"end":{"line":33,"column":62}},"line":33},"3":{"name":"(anonymous_3)","decl":{"start":{"line":38,"column":31},"end":{"line":38,"column":32}},"loc":{"start":{"line":38,"column":37},"end":{"line":38,"column":47}},"line":38},"4":{"name":"(anonymous_4)","decl":{"start":{"line":40,"column":28},"end":{"line":40,"column":29}},"loc":{"start":{"line":40,"column":40},"end":{"line":40,"column":42}},"line":40},"5":{"name":"(anonymous_5)","decl":{"start":{"line":41,"column":27},"end":{"line":41,"column":28}},"loc":{"start":{"line":41,"column":47},"end":{"line":70,"column":17}},"line":41},"6":{"name":"(anonymous_6)","decl":{"start":{"line":53,"column":83},"end":{"line":53,"column":84}},"loc":{"start":{"line":53,"column":88},"end":{"line":53,"column":96}},"line":53}},"branchMap":{"0":{"loc":{"start":{"line":8,"column":23},"end":{"line":8,"column":52}},"type":"binary-expr","locations":[{"start":{"line":8,"column":23},"end":{"line":8,"column":46}},{"start":{"line":8,"column":50},"end":{"line":8,"column":52}}],"line":8},"1":{"loc":{"start":{"line":27,"column":12},"end":{"line":31,"column":13}},"type":"if","locations":[{"start":{"line":27,"column":12},"end":{"line":31,"column":13}},{"start":{"line":29,"column":19},"end":{"line":31,"column":13}}],"line":27},"2":{"loc":{"start":{"line":42,"column":20},"end":{"line":69,"column":21}},"type":"if","locations":[{"start":{"line":42,"column":20},"end":{"line":69,"column":21}},{"start":{},"end":{}}],"line":42},"3":{"loc":{"start":{"line":52,"column":28},"end":{"line":54,"column":29}},"type":"if","locations":[{"start":{"line":52,"column":28},"end":{"line":54,"column":29}},{"start":{},"end":{}}],"line":52},"4":{"loc":{"start":{"line":57,"column":24},"end":{"line":63,"column":25}},"type":"if","locations":[{"start":{"line":57,"column":24},"end":{"line":63,"column":25}},{"start":{},"end":{}}],"line":57}},"s":{"0":1,"1":1,"2":1,"3":1,"4":1,"5":1,"6":1,"7":1,"8":2,"9":2,"10":2,"11":2,"12":2,"13":0,"14":2,"15":4,"16":2,"17":0,"18":2,"19":2,"20":2,"21":2,"22":4,"23":4,"24":2,"25":2,"26":2,"27":1,"28":1,"29":1,"30":2,"31":0,"32":0},"f":{"0":1,"1":2,"2":4,"3":0,"4":0,"5":2,"6":2},"b":{"0":[1,0],"1":[2,0],"2":[2,0],"3":[2,2],"4":[1,1]},"_coverageSchema":"1a1c01bbd47fc00a2c39e90264f33305004495a9","hash":"fe5ff977de686b2c04c9932b531857ebe4d2b1e5"}
,"C:\\Users\\creep\\Documents\\Harambot\\Harambot\\commands\\utility\\checkuniroster.js": {"path":"C:\\Users\\creep\\Documents\\Harambot\\Harambot\\commands\\utility\\checkuniroster.js","statementMap":{"0":{"start":{"line":1,"column":32},"end":{"line":1,"column":53}},"1":{"start":{"line":2,"column":18},"end":{"line":2,"column":38}},"2":{"start":{"line":4,"column":0},"end":{"line":50,"column":2}},"3":{"start":{"line":9,"column":12},"end":{"line":11,"column":34}},"4":{"start":{"line":14,"column":8},"end":{"line":14,"column":39}},"5":{"start":{"line":15,"column":25},"end":{"line":15,"column":66}},"6":{"start":{"line":17,"column":8},"end":{"line":48,"column":9}},"7":{"start":{"line":18,"column":28},"end":{"line":18,"column":71}},"8":{"start":{"line":19,"column":25},"end":{"line":19,"column":48}},"9":{"start":{"line":22,"column":12},"end":{"line":22,"column":89}},"10":{"start":{"line":23,"column":12},"end":{"line":23,"column":88}},"11":{"start":{"line":26,"column":27},"end":{"line":33,"column":14}},"12":{"start":{"line":27,"column":36},"end":{"line":27,"column":103}},"13":{"start":{"line":28,"column":16},"end":{"line":32,"column":35}},"14":{"start":{"line":29,"column":33},"end":{"line":29,"column":105}},"15":{"start":{"line":31,"column":20},"end":{"line":31,"column":40}},"16":{"start":{"line":35,"column":12},"end":{"line":35,"column":34}},"17":{"start":{"line":37,"column":12},"end":{"line":40,"column":13}},"18":{"start":{"line":38,"column":16},"end":{"line":38,"column":83}},"19":{"start":{"line":39,"column":16},"end":{"line":39,"column":23}},"20":{"start":{"line":42,"column":29},"end":{"line":42,"column":78}},"21":{"start":{"line":43,"column":12},"end":{"line":43,"column":50}},"22":{"start":{"line":46,"column":12},"end":{"line":46,"column":33}},"23":{"start":{"line":47,"column":12},"end":{"line":47,"column":139}}},"fnMap":{"0":{"name":"(anonymous_0)","decl":{"start":{"line":8,"column":25},"end":{"line":8,"column":26}},"loc":{"start":{"line":9,"column":12},"end":{"line":11,"column":34}},"line":9},"1":{"name":"(anonymous_1)","decl":{"start":{"line":13,"column":4},"end":{"line":13,"column":5}},"loc":{"start":{"line":13,"column":31},"end":{"line":49,"column":5}},"line":13},"2":{"name":"(anonymous_2)","decl":{"start":{"line":26,"column":47},"end":{"line":26,"column":48}},"loc":{"start":{"line":26,"column":53},"end":{"line":33,"column":13}},"line":26},"3":{"name":"(anonymous_3)","decl":{"start":{"line":28,"column":39},"end":{"line":28,"column":40}},"loc":{"start":{"line":28,"column":47},"end":{"line":32,"column":17}},"line":28}},"branchMap":{"0":{"loc":{"start":{"line":31,"column":27},"end":{"line":31,"column":39}},"type":"binary-expr","locations":[{"start":{"line":31,"column":27},"end":{"line":31,"column":31}},{"start":{"line":31,"column":35},"end":{"line":31,"column":39}}],"line":31},"1":{"loc":{"start":{"line":37,"column":12},"end":{"line":40,"column":13}},"type":"if","locations":[{"start":{"line":37,"column":12},"end":{"line":40,"column":13}},{"start":{},"end":{}}],"line":37}},"s":{"0":1,"1":1,"2":1,"3":0,"4":3,"5":3,"6":3,"7":3,"8":3,"9":3,"10":2,"11":2,"12":0,"13":0,"14":0,"15":0,"16":2,"17":2,"18":1,"19":1,"20":1,"21":1,"22":1,"23":1},"f":{"0":0,"1":3,"2":0,"3":0},"b":{"0":[0,0],"1":[1,1]},"_coverageSchema":"1a1c01bbd47fc00a2c39e90264f33305004495a9","hash":"44c92dfa65b68687d870d67dd6d99d9ddacc0ea6"}
,"C:\\Users\\creep\\Documents\\Harambot\\Harambot\\models\\index.js": {"path":"C:\\Users\\creep\\Documents\\Harambot\\Harambot\\models\\index.js","statementMap":{"0":{"start":{"line":1,"column":18},"end":{"line":1,"column":38}},"1":{"start":{"line":3,"column":18},"end":{"line":8,"column":2}},"2":{"start":{"line":10,"column":14},"end":{"line":19,"column":2}},"3":{"start":{"line":21,"column":19},"end":{"line":27,"column":2}},"4":{"start":{"line":29,"column":0},"end":{"line":29,"column":50}}},"fnMap":{},"branchMap":{},"s":{"0":1,"1":1,"2":1,"3":1,"4":1},"f":{},"b":{},"_coverageSchema":"1a1c01bbd47fc00a2c39e90264f33305004495a9","hash":"6503a3e0ff8df260c12fe770d3db36bb78f677b6"}
}
