TN:
SF:commands\utility\checkNameFuzzy.js
FN:14,(anonymous_0)
FN:19,(anonymous_1)
FN:33,(anonymous_2)
FN:38,(anonymous_3)
FN:40,(anonymous_4)
FN:41,(anonymous_5)
FN:53,(anonymous_6)
FNF:7
FNH:5
FNDA:1,(anonymous_0)
FNDA:2,(anonymous_1)
FNDA:4,(anonymous_2)
FNDA:0,(anonymous_3)
FNDA:0,(anonymous_4)
FNDA:2,(anonymous_5)
FNDA:2,(anonymous_6)
DA:1,1
DA:2,1
DA:3,1
DA:4,1
DA:5,1
DA:8,1
DA:10,1
DA:15,1
DA:20,2
DA:22,2
DA:23,2
DA:27,2
DA:28,2
DA:30,0
DA:33,4
DA:36,2
DA:38,0
DA:42,2
DA:43,2
DA:45,2
DA:47,2
DA:48,4
DA:52,4
DA:53,2
DA:57,2
DA:58,1
DA:62,1
DA:65,1
DA:73,2
DA:76,0
DA:77,0
LF:31
LH:27
BRDA:8,0,0,1
BRDA:8,0,1,0
BRDA:27,1,0,2
BRDA:27,1,1,0
BRDA:42,2,0,2
BRDA:42,2,1,0
BRDA:52,3,0,2
BRDA:52,3,1,2
BRDA:57,4,0,1
BRDA:57,4,1,1
BRF:10
BRH:7
end_of_record
TN:
SF:commands\utility\checkuniroster.js
FN:8,(anonymous_0)
FN:13,(anonymous_1)
FN:26,(anonymous_2)
FN:28,(anonymous_3)
FNF:4
FNH:1
FNDA:0,(anonymous_0)
FNDA:3,(anonymous_1)
FNDA:0,(anonymous_2)
FNDA:0,(anonymous_3)
DA:1,1
DA:2,1
DA:4,1
DA:9,0
DA:14,3
DA:15,3
DA:17,3
DA:18,3
DA:19,3
DA:22,3
DA:23,2
DA:26,2
DA:27,0
DA:28,0
DA:29,0
DA:31,0
DA:35,2
DA:37,2
DA:38,1
DA:39,1
DA:42,1
DA:43,1
DA:46,1
DA:47,1
LF:24
LH:19
BRDA:31,0,0,0
BRDA:31,0,1,0
BRDA:37,1,0,1
BRDA:37,1,1,1
BRF:4
BRH:2
end_of_record
TN:
SF:models\index.js
FNF:0
FNH:0
DA:1,1
DA:3,1
DA:10,1
DA:21,1
DA:29,1
LF:5
LH:5
BRF:0
BRH:0
end_of_record
